android/ValleTPV/ValleCOM/build/intermediates/manifest_merge_blame_file/debug/processDebugMainManifest/manifest-merger-blame-debug-report.txt
1<?xml version="1.0" encoding="utf-8"?>
2<manifest xmlns:android="http://schemas.android.com/apk/res/android"
3    package="com.valleapp.vallecom"
4    android:versionCode="5"
5    android:versionName="3.3.3" >
6
7    <uses-sdk
8        android:minSdkVersion="15"
9        android:targetSdkVersion="15" />
10
11    <uses-permission android:name="android.permission.INTERNET" />
11-->src/main/AndroidManifest.xml:5:5-67
11-->src/main/AndroidManifest.xml:5:22-64
12
13    <application
13-->src/main/AndroidManifest.xml:7:8-99:22
14        android:allowBackup="true"
14-->src/main/AndroidManifest.xml:8:9-35
15        android:appComponentFactory="android.support.v4.app.CoreComponentFactory"
15-->[com.android.support:support-compat:28.0.0] AndroidManifest.xml:22:18-91
16        android:debuggable="true"
17        android:extractNativeLibs="true"
18        android:icon="@drawable/ic_icon_com"
18-->src/main/AndroidManifest.xml:9:9-45
19        android:label="@string/app_name"
19-->src/main/AndroidManifest.xml:10:9-41
20        android:theme="@android:style/Theme.Light"
20-->src/main/AndroidManifest.xml:13:9-51
21        android:usesCleartextTraffic="true" >
21-->src/main/AndroidManifest.xml:12:9-44
22        <uses-library
22-->src/main/AndroidManifest.xml:16:12-91
23            android:name="org.apache.http.legacy"
23-->src/main/AndroidManifest.xml:16:26-63
24            android:required="false" />
24-->src/main/AndroidManifest.xml:16:64-88
25
26        <activity
26-->src/main/AndroidManifest.xml:18:12-27:20
27            android:name="com.valleapp.vallecom.Activitys.Camareros"
27-->src/main/AndroidManifest.xml:19:13-69
28            android:configChanges="orientation"
28-->src/main/AndroidManifest.xml:20:13-48
29            android:exported="true" >
29-->src/main/AndroidManifest.xml:21:13-36
30            <intent-filter>
30-->src/main/AndroidManifest.xml:22:13-26:29
31                <action android:name="android.intent.action.MAIN" />
31-->src/main/AndroidManifest.xml:23:17-69
31-->src/main/AndroidManifest.xml:23:25-66
32
33                <category android:name="android.intent.category.LAUNCHER" />
33-->src/main/AndroidManifest.xml:25:17-77
33-->src/main/AndroidManifest.xml:25:27-74
34            </intent-filter>
35        </activity>
36        <activity
36-->src/main/AndroidManifest.xml:28:9-38:20
37            android:name="com.valleapp.vallecom.Activitys.Preferencias"
37-->src/main/AndroidManifest.xml:29:13-72
38            android:configChanges="orientation"
38-->src/main/AndroidManifest.xml:31:13-48
39            android:exported="true"
39-->src/main/AndroidManifest.xml:32:13-36
40            android:label="PreferenciasTpv" >
40-->src/main/AndroidManifest.xml:30:13-44
41            <intent-filter>
41-->src/main/AndroidManifest.xml:22:13-26:29
42                <action android:name="android.intent.action.MAIN" />
42-->src/main/AndroidManifest.xml:23:17-69
42-->src/main/AndroidManifest.xml:23:25-66
43
44                <category android:name="android.intent.category.LAUNCHER" />
44-->src/main/AndroidManifest.xml:25:17-77
44-->src/main/AndroidManifest.xml:25:27-74
45            </intent-filter>
46        </activity>
47        <activity
47-->src/main/AndroidManifest.xml:39:9-43:20
48            android:name="com.valleapp.vallecom.Activitys.Mesas"
48-->src/main/AndroidManifest.xml:40:13-65
49            android:configChanges="orientation"
49-->src/main/AndroidManifest.xml:42:13-48
50            android:label="Elegir Mesa" >
50-->src/main/AndroidManifest.xml:41:13-40
51        </activity>
52        <activity
52-->src/main/AndroidManifest.xml:44:9-48:20
53            android:name="com.valleapp.vallecom.Activitys.HacerComandas"
53-->src/main/AndroidManifest.xml:45:13-73
54            android:configChanges="orientation"
54-->src/main/AndroidManifest.xml:47:13-48
55            android:label="@string/title_activity_comanda" >
55-->src/main/AndroidManifest.xml:46:13-59
56        </activity>
57        <activity
57-->src/main/AndroidManifest.xml:49:9-53:20
58            android:name="com.valleapp.vallecom.Activitys.BuscadorTeclas"
58-->src/main/AndroidManifest.xml:50:13-74
59            android:configChanges="orientation"
59-->src/main/AndroidManifest.xml:52:13-48
60            android:label="@string/title_activity_buscador" >
60-->src/main/AndroidManifest.xml:51:13-60
61        </activity>
62        <activity
62-->src/main/AndroidManifest.xml:54:9-58:20
63            android:name="com.valleapp.vallecom.Activitys.OpMesas"
63-->src/main/AndroidManifest.xml:55:13-67
64            android:configChanges="orientation"
64-->src/main/AndroidManifest.xml:57:13-48
65            android:label="@string/title_activity_op_mesas" >
65-->src/main/AndroidManifest.xml:56:13-60
66        </activity>
67        <activity
67-->src/main/AndroidManifest.xml:59:9-63:20
68            android:name="com.valleapp.vallecom.Activitys.BuscarPedidos"
68-->src/main/AndroidManifest.xml:60:13-73
69            android:configChanges="orientation"
69-->src/main/AndroidManifest.xml:62:13-48
70            android:label="Buscar pedidos" >
70-->src/main/AndroidManifest.xml:61:13-43
71        </activity>
72        <activity
72-->src/main/AndroidManifest.xml:64:9-68:20
73            android:name="com.valleapp.vallecom.Activitys.Cuenta"
73-->src/main/AndroidManifest.xml:65:13-66
74            android:configChanges="orientation"
74-->src/main/AndroidManifest.xml:67:13-48
75            android:label="@string/title_activity_cuenta" >
75-->src/main/AndroidManifest.xml:66:13-58
76        </activity>
77        <activity
77-->src/main/AndroidManifest.xml:69:9-73:20
78            android:name="com.valleapp.vallecom.Activitys.MostrarPedidos"
78-->src/main/AndroidManifest.xml:70:13-74
79            android:configChanges="orientation"
79-->src/main/AndroidManifest.xml:72:13-48
80            android:label="@string/title_activity_mostrar_pedidos" >
80-->src/main/AndroidManifest.xml:71:13-67
81        </activity>
82        <activity
82-->src/main/AndroidManifest.xml:74:9-78:20
83            android:name="com.valleapp.vallecom.Activitys.Sugerencias"
83-->src/main/AndroidManifest.xml:75:13-71
84            android:configChanges="orientation"
84-->src/main/AndroidManifest.xml:77:13-48
85            android:label="@string/title_activity_sugerencias" >
85-->src/main/AndroidManifest.xml:76:13-63
86        </activity>
87        <activity
87-->src/main/AndroidManifest.xml:79:12-83:23
88            android:name="com.valleapp.vallecom.Activitys.Autorias"
88-->src/main/AndroidManifest.xml:80:16-71
89            android:configChanges="orientation"
89-->src/main/AndroidManifest.xml:82:16-51
90            android:label="@string/title_activity_autorias" >
90-->src/main/AndroidManifest.xml:81:16-63
91        </activity>
92        <activity
92-->src/main/AndroidManifest.xml:84:12-88:23
93            android:name="com.valleapp.vallecom.Activitys.Refill"
93-->src/main/AndroidManifest.xml:85:16-69
94            android:configChanges="orientation"
94-->src/main/AndroidManifest.xml:87:16-51
95            android:label="@string/title_activity_refill" >
95-->src/main/AndroidManifest.xml:86:16-61
96        </activity>
97        <activity
97-->src/main/AndroidManifest.xml:89:12-93:23
98            android:name="com.valleapp.vallecom.Activitys.SendMensajes"
98-->src/main/AndroidManifest.xml:90:16-75
99            android:configChanges="orientation"
99-->src/main/AndroidManifest.xml:92:16-51
100            android:label="@string/title_activity_sendmensajes" >
100-->src/main/AndroidManifest.xml:91:16-67
101        </activity>
102
103        <service
103-->src/main/AndroidManifest.xml:94:8-97:39
104            android:name="com.valleapp.vallecom.utilidades.ServicioCom"
104-->src/main/AndroidManifest.xml:95:12-71
105            android:enabled="true"
105-->src/main/AndroidManifest.xml:96:12-34
106            android:exported="false" />
106-->src/main/AndroidManifest.xml:97:12-36
107    </application>
108
109</manifest>